nohup: ignoring input
[[1;34mINFO[m] Scanning for projects...
[[1;34mINFO[m] 
[[1;34mINFO[m] [1m------------------------< [0;36mcom.mariadb:mariadb[0;1m >-------------------------[m
[[1;34mINFO[m] [1mBuilding mariadb 0.0.1-SNAPSHOT[m
[[1;34mINFO[m] [1m--------------------------------[ jar ]---------------------------------[m
[[1;34mINFO[m] 
[[1;34mINFO[m] [1m>>> [0;32mspring-boot-maven-plugin:3.5.4:run[m [1m(default-cli)[0;1m > [0;1mtest-compile[m @ [36mmariadb[0;1m >>>[m
[[1;34mINFO[m] 
[[1;34mINFO[m] [1m--- [0;32mmaven-resources-plugin:3.3.1:resources[m [1m(default-resources)[m @ [36mmariadb[0;1m ---[m
[[1;34mINFO[m] Copying 1 resource from src/main/resources to target/classes
[[1;34mINFO[m] Copying 0 resource from src/main/resources to target/classes
[[1;34mINFO[m] 
[[1;34mINFO[m] [1m--- [0;32mmaven-compiler-plugin:3.11.0:compile[m [1m(default-compile)[m @ [36mmariadb[0;1m ---[m
[[1;34mINFO[m] Nothing to compile - all classes are up to date
[[1;34mINFO[m] 
[[1;34mINFO[m] [1m--- [0;32mmaven-resources-plugin:3.3.1:testResources[m [1m(default-testResources)[m @ [36mmariadb[0;1m ---[m
[[1;34mINFO[m] skip non existing resourceDirectory /db2/Mariadb-API-Practice/MariaDB-API-Practice/src/test/resources
[[1;34mINFO[m] 
[[1;34mINFO[m] [1m--- [0;32mmaven-compiler-plugin:3.11.0:testCompile[m [1m(default-testCompile)[m @ [36mmariadb[0;1m ---[m
[[1;34mINFO[m] Nothing to compile - all classes are up to date
[[1;34mINFO[m] 
[[1;34mINFO[m] [1m<<< [0;32mspring-boot-maven-plugin:3.5.4:run[m [1m(default-cli)[0;1m < [0;1mtest-compile[m @ [36mmariadb[0;1m <<<[m
[[1;34mINFO[m] 
[[1;34mINFO[m] 
[[1;34mINFO[m] [1m--- [0;32mspring-boot-maven-plugin:3.5.4:run[m [1m(default-cli)[m @ [36mmariadb[0;1m ---[m
[[1;34mINFO[m] Attaching agents: []

  .   ____          _            __ _ _
 /\\ / ___'_ __ _ _(_)_ __  __ _ \ \ \ \
( ( )\___ | '_ | '_| | '_ \/ _` | \ \ \ \
 \\/  ___)| |_)| | | | | || (_| |  ) ) ) )
  '  |____| .__|_| |_|_| |_\__, | / / / /
 =========|_|==============|___/=/_/_/_/

 :: Spring Boot ::                (v3.5.4)

2025-07-31T20:00:11.855+05:30  INFO 1575 --- [mariadb] [           main] com.mariadb.mariadb.MariadbApplication   : Starting MariadbApplication using Java 17.0.15 with PID 1575 (/db2/Mariadb-API-Practice/MariaDB-API-Practice/target/classes started by harsh in /db2/Mariadb-API-Practice/MariaDB-API-Practice)
2025-07-31T20:00:11.863+05:30  INFO 1575 --- [mariadb] [           main] com.mariadb.mariadb.MariadbApplication   : No active profile set, falling back to 1 default profile: "default"
2025-07-31T20:00:13.635+05:30  INFO 1575 --- [mariadb] [           main] o.s.b.w.embedded.tomcat.TomcatWebServer  : Tomcat initialized with port 8101 (http)
2025-07-31T20:00:13.673+05:30  INFO 1575 --- [mariadb] [           main] o.apache.catalina.core.StandardService   : Starting service [Tomcat]
2025-07-31T20:00:13.674+05:30  INFO 1575 --- [mariadb] [           main] o.apache.catalina.core.StandardEngine    : Starting Servlet engine: [Apache Tomcat/10.1.43]
2025-07-31T20:00:13.757+05:30  INFO 1575 --- [mariadb] [           main] o.a.c.c.C.[Tomcat].[localhost].[/]       : Initializing Spring embedded WebApplicationContext
2025-07-31T20:00:13.760+05:30  INFO 1575 --- [mariadb] [           main] w.s.c.ServletWebServerApplicationContext : Root WebApplicationContext: initialization completed in 1789 ms
2025-07-31T20:00:14.470+05:30  INFO 1575 --- [mariadb] [           main] o.s.b.w.embedded.tomcat.TomcatWebServer  : Tomcat started on port 8101 (http) with context path '/'
2025-07-31T20:00:14.493+05:30  INFO 1575 --- [mariadb] [           main] com.mariadb.mariadb.MariadbApplication   : Started MariadbApplication in 3.581 seconds (process running for 4.167)
